{
  "stats": {
    "suites": 2,
    "tests": 2,
    "passes": 0,
    "pending": 0,
    "failures": 2,
    "start": "2022-02-12T18:54:57.535Z",
    "end": "2022-02-12T18:54:57.542Z",
    "duration": 7,
    "testsRegistered": 2,
    "passPercent": 0,
    "pendingPercent": 0,
    "other": 0,
    "hasOther": false,
    "skipped": 0,
    "hasSkipped": false
  },
  "results": [
    {
      "uuid": "402ac0e5-a8dd-4100-b298-567753d2eefc",
      "title": "",
      "fullFile": "",
      "file": "",
      "beforeHooks": [],
      "afterHooks": [],
      "tests": [],
      "suites": [
        {
          "uuid": "80947373-9714-430a-8e3a-9c4cd9bacf45",
          "title": "test 1 ordena noms",
          "fullFile": "/home/knna/examenPPS/PPS_examen_js/test/examen.spec.js",
          "file": "/test/examen.spec.js",
          "beforeHooks": [],
          "afterHooks": [],
          "tests": [
            {
              "title": "case 01",
              "fullTitle": "test 1 ordena noms case 01",
              "timedOut": false,
              "duration": 2,
              "state": "failed",
              "speed": null,
              "pass": false,
              "fail": true,
              "pending": false,
              "context": null,
              "code": "expect(o1.ordena_noms(students)).to.eql(ordenaNoms);",
              "err": {
                "message": "AssertionError: expected undefined to deeply equal [ { alumne: 'Juan Gris', …(1) }, …(5) ]",
                "estack": "AssertionError: expected undefined to deeply equal [ { alumne: 'Juan Gris', …(1) }, …(5) ]\n    at Context.it (test/examen.spec.js:40:41)",
                "diff": null
              },
              "uuid": "34aa7efa-755a-4406-82f8-cde425063553",
              "parentUUID": "80947373-9714-430a-8e3a-9c4cd9bacf45",
              "isHook": false,
              "skipped": false
            }
          ],
          "suites": [],
          "passes": [],
          "failures": [
            "34aa7efa-755a-4406-82f8-cde425063553"
          ],
          "pending": [],
          "skipped": [],
          "duration": 2,
          "root": false,
          "rootEmpty": false,
          "_timeout": 2000
        },
        {
          "uuid": "9729a31b-fd93-4aac-bdf0-052dce944803",
          "title": "Test 2 ordena dates",
          "fullFile": "/home/knna/examenPPS/PPS_examen_js/test/examen.spec.js",
          "file": "/test/examen.spec.js",
          "beforeHooks": [],
          "afterHooks": [],
          "tests": [
            {
              "title": "case 02",
              "fullTitle": "Test 2 ordena dates case 02",
              "timedOut": false,
              "duration": 1,
              "state": "failed",
              "speed": null,
              "pass": false,
              "fail": true,
              "pending": false,
              "context": null,
              "code": "expect(o2.ordena_dates(students)).to.eql(ordenaDates);",
              "err": {
                "message": "AssertionError: expected undefined to deeply equal [ Array(6) ]",
                "estack": "AssertionError: expected undefined to deeply equal [ Array(6) ]\n    at Context.it (test/examen.spec.js:46:42)",
                "diff": null
              },
              "uuid": "dd59b06a-e843-419c-860c-64048b4f116f",
              "parentUUID": "9729a31b-fd93-4aac-bdf0-052dce944803",
              "isHook": false,
              "skipped": false
            }
          ],
          "suites": [],
          "passes": [],
          "failures": [
            "dd59b06a-e843-419c-860c-64048b4f116f"
          ],
          "pending": [],
          "skipped": [],
          "duration": 1,
          "root": false,
          "rootEmpty": false,
          "_timeout": 2000
        }
      ],
      "passes": [],
      "failures": [],
      "pending": [],
      "skipped": [],
      "duration": 0,
      "root": true,
      "rootEmpty": true,
      "_timeout": 2000
    }
  ],
  "meta": {
    "mocha": {
      "version": "9.2.0"
    },
    "mochawesome": {
      "options": {
        "quiet": false,
        "reportFilename": "mochawesome",
        "saveHtml": true,
        "saveJson": true,
        "consoleReporter": "spec",
        "useInlineDiffs": false,
        "code": true
      },
      "version": "7.0.1"
    },
    "marge": {
      "options": null,
      "version": "6.0.1"
    }
  }
}